<?xml version="1.0" encoding="UTF-8"?>
<testsuite name="com.abdoul.groovy.playlist.PlaylistRepositoryShould" tests="4" skipped="0" failures="0" errors="0" timestamp="2020-12-31T15:38:03" hostname="MacBook-Pro" time="0.097">
  <properties/>
  <testcase name="emitMappedPlaylistsFromService" classname="com.abdoul.groovy.playlist.PlaylistRepositoryShould" time="0.084"/>
  <testcase name="propagatesErrors" classname="com.abdoul.groovy.playlist.PlaylistRepositoryShould" time="0.004"/>
  <testcase name="delegateBusinessLogicToMapper" classname="com.abdoul.groovy.playlist.PlaylistRepositoryShould" time="0.005"/>
  <testcase name="getPlaylistsFromService" classname="com.abdoul.groovy.playlist.PlaylistRepositoryShould" time="0.003"/>
  <system-out><![CDATA[]]></system-out>
  <system-err><![CDATA[]]></system-err>
</testsuite>
