<?xml version="1.0" encoding="UTF-8"?>
<testsuite name="com.abdoul.groovy.playlistDetails.PlaylistDetailViewModelShould" tests="2" skipped="0" failures="0" errors="0" timestamp="2020-12-31T15:38:03" hostname="MacBook-Pro" time="0.066">
  <properties/>
  <testcase name="getPlaylistDetailsFromService" classname="com.abdoul.groovy.playlistDetails.PlaylistDetailViewModelShould" time="0.063"/>
  <testcase name="emitsPlaylistDetailsFromService" classname="com.abdoul.groovy.playlistDetails.PlaylistDetailViewModelShould" time="0.002"/>
  <system-out><![CDATA[]]></system-out>
  <system-err><![CDATA[]]></system-err>
</testsuite>
