<?xml version="1.0" encoding="UTF-8"?>
<testsuite name="com.abdoul.groovy.playlist.PlaylistMapperShould" tests="5" skipped="0" failures="0" errors="0" timestamp="2020-12-31T15:38:03" hostname="MacBook-Pro" time="0.003">
  <properties/>
  <testcase name="keepSameCategory" classname="com.abdoul.groovy.playlist.PlaylistMapperShould" time="0.001"/>
  <testcase name="keepSameName" classname="com.abdoul.groovy.playlist.PlaylistMapperShould" time="0.0"/>
  <testcase name="mapRockImageWhenRockCategory" classname="com.abdoul.groovy.playlist.PlaylistMapperShould" time="0.0"/>
  <testcase name="mapDefaultImageWhenNotRock" classname="com.abdoul.groovy.playlist.PlaylistMapperShould" time="0.0"/>
  <testcase name="keepSameId" classname="com.abdoul.groovy.playlist.PlaylistMapperShould" time="0.0"/>
  <system-out><![CDATA[]]></system-out>
  <system-err><![CDATA[]]></system-err>
</testsuite>
